C51 COMPILER V9.60.0.0   LCD_1                                                             07/11/2022 12:44:10 PAGE 1   


C51 COMPILER V9.60.0.0, COMPILATION OF MODULE LCD_1
OBJECT MODULE PLACED IN .\Objects\LCD-1.obj
COMPILER INVOKED BY: C:\Keil_v5\C51\BIN\C51.EXE LCD-1.c LARGE OPTIMIZE(8,SPEED) BROWSE DEBUG OBJECTEXTEND PRINT(.\Listin
                    -gs\LCD-1.lst) TABS(2) OBJECT(.\Objects\LCD-1.obj)

line level    source

   1          #include "lcd_init.c"
   2          #include "lcd.c"
   3          sbit LED0=P0^0;
   4          unsigned long i;
   5          void main()
   6          {
   7   1        LCD_Init();
   8   1        LCD_Fill(0,0,LCD_W,LCD_H,BLACK);
   9   1        LED0=0;
  10   1        i=LED0;
  11   1        while (1)
  12   1        {
  13   2          LCD_ShowIntNum(50,0,i,1,0xffff,0x0000,12);
  14   2        }
  15   1      }
*** WARNING C294 IN LINE 89 OF LCD-1.c: unreachable code
*** WARNING C294 IN LINE 109 OF LCD-1.c: unreachable code


MODULE INFORMATION:   STATIC OVERLAYABLE
   CODE SIZE        =   3273    ----
   CONSTANT SIZE    =   1140    ----
   XDATA SIZE       =      4     151
   PDATA SIZE       =   ----    ----
   DATA SIZE        =   ----    ----
   IDATA SIZE       =   ----    ----
   BIT SIZE         =   ----    ----
END OF MODULE INFORMATION.


C51 COMPILATION COMPLETE.  2 WARNING(S),  0 ERROR(S)
